================================================================================
Appcelerator Titanium Diagnostics Build Log
The contents of this file are useful to send to Appcelerator Support if
reporting an issue to help us understand your environment, build settings
and aid in debugging. Please attach this log to any issue that you report.
================================================================================

Starting build at 12/17/12 08:18

Build details:

   timestamp=06/28/12 12:16
   module_apiversion=2
   version=2.1.0
   githash=6e3cab6


Script arguments:
   /Library/Application Support/Titanium/mobilesdk/osx/2.1.0.GA/iphone/builder.py
   run
   /Users/hoyamada/Dropbox/Public/learning_javascript/titanium/commandPattern/
   5.1
   info.h5y1m141.commandPattern
   commandPattern
   iphone

Building from: /Users/hoyamada/Library/Application Support/Titanium/mobilesdk/osx/2.1.0.GA/iphone
Platform: Darwin Kernel Version 11.4.0: Mon Apr  9 19:32:15 PDT 2012; root:xnu-1699.26.8~1/RELEASE_X86_64

Xcode path is: /Applications/Xcode.app/Contents/Developer


githash=6e3cab6, existing_git_hash=6e3cab6
writing contents of /Users/hoyamada/Dropbox/Public/learning_javascript/titanium/commandPattern/build/iphone/project.xcconfig:

TI_VERSION=2.1.0.GA
TI_SDK_DIR=/Users/hoyamada/Library/Application Support/Titanium/mobilesdk/osx/$(TI_VERSION)/iphone
TI_APPID=info.h5y1m141.commandPattern
OTHER_LDFLAGS[sdk=iphoneos*]=$(inherited) -weak_framework iAd
OTHER_LDFLAGS[sdk=iphonesimulator*]=$(inherited) -weak_framework iAd
#include "module"

old contents


Generated the following stylecode code:

<?xml version="1.0" encoding="UTF-8"?>
<!DOCTYPE plist PUBLIC "-//Apple//DTD PLIST 1.0//EN" "http://www.apple.com/DTDs/PropertyList-1.0.dtd">
<plist version="1.0">
	<dict>
		<key>classes</key>
		<dict>
</dict>

		<key>classes_density</key>
		<dict>
</dict>

		<key>ids</key>
		<dict>
</dict>

		<key>ids_density</key>
		<dict>
</dict>

		<key>tags</key>
		<dict>
</dict>

		<key>tags_density</key>
		<dict>
</dict>

	</dict>
</plist>
Finishing build

Exception detected in script:
Traceback (most recent call last):
  File "/Library/Application Support/Titanium/mobilesdk/osx/2.1.0.GA/iphone/builder.py", line 1437, in main
    os.waitpid(sim.pid,0)
  File "/Library/Application Support/Titanium/mobilesdk/osx/2.1.0.GA/iphone/builder.py", line 1372, in handler
    kill_simulator()
  File "/Library/Application Support/Titanium/mobilesdk/osx/2.1.0.GA/iphone/builder.py", line 76, in kill_simulator
    run.run(['/usr/bin/killall',"ios-sim"],True)
  File "/Users/hoyamada/Library/Application Support/Titanium/mobilesdk/osx/2.1.0.GA/iphone/run.py", line 8, in run
    sys.stdout.flush()
IOError: [Errno 32] Broken pipe
